<?xml version="1.0" encoding="UTF-8"?>
<!-- Generated by org.testng.reporters.JUnitXMLReporter -->
<testsuite hostname="Rabin" ignored="0" name="Default test" tests="5" failures="0" timestamp="23 avr. 2018 00:23:54 GMT" time="0.078" errors="0">
  <testcase name="testBodyIsString" time="0.015" classname="com.test.TestApi"/>
  <testcase name="testEmailIsString" time="0.0" classname="com.test.TestApi"/>
  <testcase name="testIdIsInteger" time="0.0" classname="com.test.TestApi"/>
  <testcase name="testNameIsString" time="0.0" classname="com.test.TestApi"/>
  <testcase name="testPostIdIsIntiger" time="0.015" classname="com.test.TestApi"/>
</testsuite> <!-- Default test -->
